Using pre-set license
Built from '2020.3/staging' branch; Version is '2020.3.14f1 (d0d1bb862f9d) revision 13685179'; Using compiler version '192528614'; Build Type 'Release'
OS: 'Windows 10 Pro; OS build 19043.1237; Version 2009; 64bit' Language: 'en' Physical Memory: 16335 MB
BatchMode: 1, IsHumanControllingUs: 0, StartBugReporterOnCrash: 0, Is64bit: 1, IsPro: 0

 COMMAND LINE ARGUMENTS:
C:\Program Files\Unity\Hub\Editor\2020.3.14f1\Editor\Unity.exe
-adb2
-batchMode
-noUpm
-name
AssetImportWorker1
-projectPath
C:/Users/Angel/Desktop/Mult154/Mult154_ASanchez_Project
-logFile
Logs/AssetImportWorker1.log
-srvPort
55359
Successfully changed project path to: C:/Users/Angel/Desktop/Mult154/Mult154_ASanchez_Project
C:/Users/Angel/Desktop/Mult154/Mult154_ASanchez_Project
Using Asset Import Pipeline V2.
Refreshing native plugins compatible for Editor in 96.63 ms, found 2 plugins.
Preloading 0 native plugins for Editor in 0.00 ms.
Initialize engine version: 2020.3.14f1 (d0d1bb862f9d)
[Subsystems] Discovering subsystems at path C:/Program Files/Unity/Hub/Editor/2020.3.14f1/Editor/Data/Resources/UnitySubsystems
[Subsystems] Discovering subsystems at path C:/Users/Angel/Desktop/Mult154/Mult154_ASanchez_Project/Assets
GfxDevice: creating device client; threaded=0
Direct3D:
    Version:  Direct3D 11.0 [level 11.1]
    Renderer: Radeon RX 580 Series (ID=0x67df)
    Vendor:   
    VRAM:     8171 MB
    Driver:   27.20.21002.112
Shader 'Universal Render Pipeline/Particles/Lit': fallback shader 'Universal Render Pipeline/Particles/SimpleLit' not found
Initialize mono
Mono path[0] = 'C:/Program Files/Unity/Hub/Editor/2020.3.14f1/Editor/Data/Managed'
Mono path[1] = 'C:/Program Files/Unity/Hub/Editor/2020.3.14f1/Editor/Data/MonoBleedingEdge/lib/mono/unityjit'
Mono config path = 'C:/Program Files/Unity/Hub/Editor/2020.3.14f1/Editor/Data/MonoBleedingEdge/etc'
Using monoOptions --debugger-agent=transport=dt_socket,embedding=1,server=y,suspend=n,address=127.0.0.1:56560
Begin MonoManager ReloadAssembly
Registering precompiled unity dll's ...
Register platform support module: C:/Program Files/Unity/Hub/Editor/2020.3.14f1/Editor/Data/PlaybackEngines/WebGLSupport/UnityEditor.WebGL.Extensions.dll
Register platform support module: C:/Program Files/Unity/Hub/Editor/2020.3.14f1/Editor/Data/PlaybackEngines/WindowsStandaloneSupport/UnityEditor.WindowsStandalone.Extensions.dll
Registered in 0.002957 seconds.
Native extension for WindowsStandalone target not found
Native extension for WebGL target not found
Refreshing native plugins compatible for Editor in 79.55 ms, found 2 plugins.
Preloading 0 native plugins for Editor in 0.00 ms.
Mono: successfully reloaded assembly
- Completed reload, in  1.702 seconds
Domain Reload Profiling:
	ReloadAssembly (1702ms)
		BeginReloadAssembly (62ms)
			ExecutionOrderSort (0ms)
			DisableScriptedObjects (0ms)
			BackupInstance (0ms)
			ReleaseScriptingObjects (0ms)
			CreateAndSetChildDomain (1ms)
		EndReloadAssembly (513ms)
			LoadAssemblies (59ms)
			RebuildTransferFunctionScriptingTraits (0ms)
			SetupTypeCache (155ms)
			ReleaseScriptCaches (0ms)
			RebuildScriptCaches (42ms)
			SetupLoadedEditorAssemblies (231ms)
				LogAssemblyErrors (0ms)
				InitializePlatformSupportModulesInManaged (6ms)
				SetLoadedEditorAssemblies (0ms)
				RefreshPlugins (80ms)
				BeforeProcessingInitializeOnLoad (16ms)
				ProcessInitializeOnLoadAttributes (93ms)
				ProcessInitializeOnLoadMethodAttributes (36ms)
				AfterProcessingInitializeOnLoad (0ms)
				EditorAssembliesLoaded (0ms)
			ExecutionOrderSort2 (0ms)
			AwakeInstancesAfterBackupRestoration (0ms)
Platform modules already initialized, skipping
Registering precompiled user dll's ...
Registered in 0.008022 seconds.
Begin MonoManager ReloadAssembly
Native extension for WindowsStandalone target not found
Native extension for WebGL target not found
Refreshing native plugins compatible for Editor in 81.07 ms, found 2 plugins.
Preloading 0 native plugins for Editor in 0.00 ms.
Mono: successfully reloaded assembly
- Completed reload, in  1.473 seconds
Domain Reload Profiling:
	ReloadAssembly (1474ms)
		BeginReloadAssembly (161ms)
			ExecutionOrderSort (0ms)
			DisableScriptedObjects (6ms)
			BackupInstance (0ms)
			ReleaseScriptingObjects (0ms)
			CreateAndSetChildDomain (19ms)
		EndReloadAssembly (1236ms)
			LoadAssemblies (115ms)
			RebuildTransferFunctionScriptingTraits (0ms)
			SetupTypeCache (345ms)
			ReleaseScriptCaches (1ms)
			RebuildScriptCaches (76ms)
			SetupLoadedEditorAssemblies (547ms)
				LogAssemblyErrors (0ms)
				InitializePlatformSupportModulesInManaged (6ms)
				SetLoadedEditorAssemblies (0ms)
				RefreshPlugins (81ms)
				BeforeProcessingInitializeOnLoad (142ms)
				ProcessInitializeOnLoadAttributes (269ms)
				ProcessInitializeOnLoadMethodAttributes (40ms)
				AfterProcessingInitializeOnLoad (8ms)
				EditorAssembliesLoaded (0ms)
			ExecutionOrderSort2 (0ms)
			AwakeInstancesAfterBackupRestoration (7ms)
Platform modules already initialized, skipping
========================================================================
Worker process is ready to serve import requests
Shader 'Universal Render Pipeline/Particles/Lit': fallback shader 'Universal Render Pipeline/Particles/SimpleLit' not found
Launched and connected shader compiler UnityShaderCompiler.exe after 0.04 seconds
Refreshing native plugins compatible for Editor in 0.97 ms, found 2 plugins.
Preloading 0 native plugins for Editor in 0.00 ms.
Unloading 3318 Unused Serialized files (Serialized files now loaded: 0)
System memory in use before: 271.5 MB.
System memory in use after: 271.7 MB.

Unloading 58 unused Assets to reduce memory usage. Loaded Objects now: 3808.
Total: 5.952800 ms (FindLiveObjects: 0.313200 ms CreateObjectMapping: 0.082900 ms MarkObjects: 5.521500 ms  DeleteObjects: 0.034000 ms)

AssetImportParameters requested are different than current active one (requested -> active):
  custom:framework-win-MediaFoundation: 216162199b28c13a410421893ffa2e32 -> 
  custom:video-decoder-ogg-theora: a1e56fd34408186e4bbccfd4996cb3dc -> 
  custom:container-muxer-webm: aa71ff27fc2769a1b78a27578f13a17b -> 
  custom:container-demuxer-webm: 4f35f7cbe854078d1ac9338744f61a02 -> 
  custom:container-demuxer-ogg: 62fdf1f143b41e24485cea50d1cbac27 -> 
  custom:video-encoder-webm-vp8: eb34c28f22e8b96e1ab97ce403110664 -> 
  custom:video-decoder-webm-vp8: 9c59270c3fd7afecdb556c50c9e8de78 -> 
  custom:audio-decoder-ogg-vorbis: bf7c407c2cedff20999df2af8eb42d56 -> 
  custom:audio-encoder-webm-vorbis: bf7c407c2cedff20999df2af8eb42d56 -> 
========================================================================
Received Import Request.
  path: ProjectSettings/TagManager.asset
  artifactKey: Guid(00000000000000003000000000000000) Importer(815301076,1909f56bfc062723c751e8b465ee728b)
Start importing ProjectSettings/TagManager.asset using Guid(00000000000000003000000000000000) Importer(815301076,1909f56bfc062723c751e8b465ee728b)  -> (artifact id: '98b433bf6153b2f06f3c5fdfc88b13b8') in 0.037521 seconds 
  Import took 0.042673 seconds .

========================================================================
Received Prepare
Shader 'Universal Render Pipeline/Particles/Lit': fallback shader 'Universal Render Pipeline/Particles/SimpleLit' not found
Refreshing native plugins compatible for Editor in 16.25 ms, found 2 plugins.
Preloading 0 native plugins for Editor in 0.00 ms.
Unloading 48 Unused Serialized files (Serialized files now loaded: 0)
System memory in use before: 200.6 MB.
System memory in use after: 200.8 MB.

Unloading 49 unused Assets to reduce memory usage. Loaded Objects now: 3808.
Total: 6.427000 ms (FindLiveObjects: 0.316000 ms CreateObjectMapping: 0.085900 ms MarkObjects: 5.991800 ms  DeleteObjects: 0.032200 ms)

AssetImportParameters requested are different than current active one (requested -> active):
  custom:framework-win-MediaFoundation: 216162199b28c13a410421893ffa2e32 -> 
  custom:video-decoder-ogg-theora: a1e56fd34408186e4bbccfd4996cb3dc -> 
  custom:container-muxer-webm: aa71ff27fc2769a1b78a27578f13a17b -> 
  custom:container-demuxer-webm: 4f35f7cbe854078d1ac9338744f61a02 -> 
  custom:container-demuxer-ogg: 62fdf1f143b41e24485cea50d1cbac27 -> 
  custom:video-encoder-webm-vp8: eb34c28f22e8b96e1ab97ce403110664 -> 
  custom:video-decoder-webm-vp8: 9c59270c3fd7afecdb556c50c9e8de78 -> 
  custom:audio-decoder-ogg-vorbis: bf7c407c2cedff20999df2af8eb42d56 -> 
  custom:audio-encoder-webm-vorbis: bf7c407c2cedff20999df2af8eb42d56 -> 
========================================================================
Received Import Request.
  Time since last request: 42.216954 seconds.
  path: Assets/prefabs/WoodenBarbedWireBarrier_33_v1.prefab
  artifactKey: Guid(f3041f69dcd592640b0c360f7b709853) Importer(815301076,1909f56bfc062723c751e8b465ee728b)
Start importing Assets/prefabs/WoodenBarbedWireBarrier_33_v1.prefab using Guid(f3041f69dcd592640b0c360f7b709853) Importer(815301076,1909f56bfc062723c751e8b465ee728b)  -> (artifact id: '7df210032b524d7319fc36352d4cc949') in 0.254763 seconds 
  Import took 0.259929 seconds .

========================================================================
Received Prepare
Registering precompiled user dll's ...
Registered in 0.008077 seconds.
Begin MonoManager ReloadAssembly
Native extension for WindowsStandalone target not found
Native extension for WebGL target not found
Refreshing native plugins compatible for Editor in 0.95 ms, found 2 plugins.
Preloading 0 native plugins for Editor in 0.00 ms.
Mono: successfully reloaded assembly
- Completed reload, in  1.391 seconds
Domain Reload Profiling:
	ReloadAssembly (1392ms)
		BeginReloadAssembly (152ms)
			ExecutionOrderSort (0ms)
			DisableScriptedObjects (10ms)
			BackupInstance (0ms)
			ReleaseScriptingObjects (0ms)
			CreateAndSetChildDomain (41ms)
		EndReloadAssembly (1162ms)
			LoadAssemblies (113ms)
			RebuildTransferFunctionScriptingTraits (0ms)
			SetupTypeCache (338ms)
			ReleaseScriptCaches (1ms)
			RebuildScriptCaches (61ms)
			SetupLoadedEditorAssemblies (473ms)
				LogAssemblyErrors (0ms)
				InitializePlatformSupportModulesInManaged (7ms)
				SetLoadedEditorAssemblies (1ms)
				RefreshPlugins (1ms)
				BeforeProcessingInitializeOnLoad (130ms)
				ProcessInitializeOnLoadAttributes (289ms)
				ProcessInitializeOnLoadMethodAttributes (37ms)
				AfterProcessingInitializeOnLoad (8ms)
				EditorAssembliesLoaded (0ms)
			ExecutionOrderSort2 (0ms)
			AwakeInstancesAfterBackupRestoration (19ms)
Platform modules already initialized, skipping
Shader 'Universal Render Pipeline/Particles/Lit': fallback shader 'Universal Render Pipeline/Particles/SimpleLit' not found
Refreshing native plugins compatible for Editor in 1.09 ms, found 2 plugins.
Preloading 0 native plugins for Editor in 0.00 ms.
Unloading 3191 Unused Serialized files (Serialized files now loaded: 0)
System memory in use before: 268.0 MB.
System memory in use after: 268.3 MB.

Unloading 50 unused Assets to reduce memory usage. Loaded Objects now: 3856.
Total: 6.379800 ms (FindLiveObjects: 0.357600 ms CreateObjectMapping: 0.089500 ms MarkObjects: 5.895300 ms  DeleteObjects: 0.035600 ms)

AssetImportParameters requested are different than current active one (requested -> active):
  custom:framework-win-MediaFoundation: 216162199b28c13a410421893ffa2e32 -> 
  custom:video-decoder-ogg-theora: a1e56fd34408186e4bbccfd4996cb3dc -> 
  custom:container-muxer-webm: aa71ff27fc2769a1b78a27578f13a17b -> 
  custom:container-demuxer-webm: 4f35f7cbe854078d1ac9338744f61a02 -> 
  custom:container-demuxer-ogg: 62fdf1f143b41e24485cea50d1cbac27 -> 
  custom:video-encoder-webm-vp8: eb34c28f22e8b96e1ab97ce403110664 -> 
  custom:video-decoder-webm-vp8: 9c59270c3fd7afecdb556c50c9e8de78 -> 
  custom:audio-decoder-ogg-vorbis: bf7c407c2cedff20999df2af8eb42d56 -> 
  custom:audio-encoder-webm-vorbis: bf7c407c2cedff20999df2af8eb42d56 -> 
========================================================================
Received Prepare
Registering precompiled user dll's ...
Registered in 0.007642 seconds.
Begin MonoManager ReloadAssembly
Native extension for WindowsStandalone target not found
Native extension for WebGL target not found
Refreshing native plugins compatible for Editor in 0.95 ms, found 2 plugins.
Preloading 0 native plugins for Editor in 0.00 ms.
Mono: successfully reloaded assembly
- Completed reload, in  1.394 seconds
Domain Reload Profiling:
	ReloadAssembly (1394ms)
		BeginReloadAssembly (154ms)
			ExecutionOrderSort (0ms)
			DisableScriptedObjects (8ms)
			BackupInstance (0ms)
			ReleaseScriptingObjects (0ms)
			CreateAndSetChildDomain (52ms)
		EndReloadAssembly (1157ms)
			LoadAssemblies (115ms)
			RebuildTransferFunctionScriptingTraits (0ms)
			SetupTypeCache (329ms)
			ReleaseScriptCaches (1ms)
			RebuildScriptCaches (61ms)
			SetupLoadedEditorAssemblies (468ms)
				LogAssemblyErrors (0ms)
				InitializePlatformSupportModulesInManaged (6ms)
				SetLoadedEditorAssemblies (0ms)
				RefreshPlugins (1ms)
				BeforeProcessingInitializeOnLoad (142ms)
				ProcessInitializeOnLoadAttributes (273ms)
				ProcessInitializeOnLoadMethodAttributes (37ms)
				AfterProcessingInitializeOnLoad (8ms)
				EditorAssembliesLoaded (0ms)
			ExecutionOrderSort2 (0ms)
			AwakeInstancesAfterBackupRestoration (19ms)
Platform modules already initialized, skipping
Shader 'Universal Render Pipeline/Particles/Lit': fallback shader 'Universal Render Pipeline/Particles/SimpleLit' not found
Refreshing native plugins compatible for Editor in 0.97 ms, found 2 plugins.
Preloading 0 native plugins for Editor in 0.00 ms.
Unloading 3191 Unused Serialized files (Serialized files now loaded: 0)
System memory in use before: 268.1 MB.
System memory in use after: 268.3 MB.

Unloading 50 unused Assets to reduce memory usage. Loaded Objects now: 3859.
Total: 6.479500 ms (FindLiveObjects: 0.348600 ms CreateObjectMapping: 0.084200 ms MarkObjects: 6.011700 ms  DeleteObjects: 0.033400 ms)

AssetImportParameters requested are different than current active one (requested -> active):
  custom:framework-win-MediaFoundation: 216162199b28c13a410421893ffa2e32 -> 
  custom:video-decoder-ogg-theora: a1e56fd34408186e4bbccfd4996cb3dc -> 
  custom:container-muxer-webm: aa71ff27fc2769a1b78a27578f13a17b -> 
  custom:container-demuxer-webm: 4f35f7cbe854078d1ac9338744f61a02 -> 
  custom:container-demuxer-ogg: 62fdf1f143b41e24485cea50d1cbac27 -> 
  custom:video-encoder-webm-vp8: eb34c28f22e8b96e1ab97ce403110664 -> 
  custom:video-decoder-webm-vp8: 9c59270c3fd7afecdb556c50c9e8de78 -> 
  custom:audio-decoder-ogg-vorbis: bf7c407c2cedff20999df2af8eb42d56 -> 
  custom:audio-encoder-webm-vorbis: bf7c407c2cedff20999df2af8eb42d56 -> 
========================================================================
Received Import Request.
  Time since last request: 72.351597 seconds.
  path: Assets/prefabs/WoodenBarbedWireBarrier_33_v1.prefab
  artifactKey: Guid(f3041f69dcd592640b0c360f7b709853) Importer(815301076,1909f56bfc062723c751e8b465ee728b)
Start importing Assets/prefabs/WoodenBarbedWireBarrier_33_v1.prefab using Guid(f3041f69dcd592640b0c360f7b709853) Importer(815301076,1909f56bfc062723c751e8b465ee728b)  -> (artifact id: 'ef1536e41ce44b01b777f17055545a24') in 0.201665 seconds 
  Import took 0.207193 seconds .

========================================================================
Received Import Request.
  Time since last request: 0.074427 seconds.
  path: Assets/prefabs/WoodenBarbedWireBarrier_33_v1.prefab
  artifactKey: Guid(f3041f69dcd592640b0c360f7b709853) Importer(815301076,1909f56bfc062723c751e8b465ee728b)
Start importing Assets/prefabs/WoodenBarbedWireBarrier_33_v1.prefab using Guid(f3041f69dcd592640b0c360f7b709853) Importer(815301076,1909f56bfc062723c751e8b465ee728b)  -> (artifact id: 'ef1536e41ce44b01b777f17055545a24') in 0.012676 seconds 
  Import took 0.017569 seconds .

========================================================================
Received Prepare
Registering precompiled user dll's ...
Registered in 0.007751 seconds.
Begin MonoManager ReloadAssembly
Native extension for WindowsStandalone target not found
Native extension for WebGL target not found
Refreshing native plugins compatible for Editor in 0.94 ms, found 2 plugins.
Preloading 0 native plugins for Editor in 0.00 ms.
Mono: successfully reloaded assembly
- Completed reload, in  1.383 seconds
Domain Reload Profiling:
	ReloadAssembly (1383ms)
		BeginReloadAssembly (166ms)
			ExecutionOrderSort (0ms)
			DisableScriptedObjects (10ms)
			BackupInstance (0ms)
			ReleaseScriptingObjects (0ms)
			CreateAndSetChildDomain (42ms)
		EndReloadAssembly (1137ms)
			LoadAssemblies (137ms)
			RebuildTransferFunctionScriptingTraits (0ms)
			SetupTypeCache (325ms)
			ReleaseScriptCaches (1ms)
			RebuildScriptCaches (59ms)
			SetupLoadedEditorAssemblies (466ms)
				LogAssemblyErrors (0ms)
				InitializePlatformSupportModulesInManaged (7ms)
				SetLoadedEditorAssemblies (0ms)
				RefreshPlugins (1ms)
				BeforeProcessingInitializeOnLoad (131ms)
				ProcessInitializeOnLoadAttributes (280ms)
				ProcessInitializeOnLoadMethodAttributes (37ms)
				AfterProcessingInitializeOnLoad (9ms)
				EditorAssembliesLoaded (0ms)
			ExecutionOrderSort2 (0ms)
			AwakeInstancesAfterBackupRestoration (21ms)
Platform modules already initialized, skipping
Shader 'Universal Render Pipeline/Particles/Lit': fallback shader 'Universal Render Pipeline/Particles/SimpleLit' not found
Refreshing native plugins compatible for Editor in 1.12 ms, found 2 plugins.
Preloading 0 native plugins for Editor in 0.00 ms.
Unloading 3191 Unused Serialized files (Serialized files now loaded: 0)
System memory in use before: 268.2 MB.
System memory in use after: 268.5 MB.

Unloading 50 unused Assets to reduce memory usage. Loaded Objects now: 3898.
Total: 6.146900 ms (FindLiveObjects: 0.324600 ms CreateObjectMapping: 0.080200 ms MarkObjects: 5.707100 ms  DeleteObjects: 0.033400 ms)

AssetImportParameters requested are different than current active one (requested -> active):
  custom:framework-win-MediaFoundation: 216162199b28c13a410421893ffa2e32 -> 
  custom:video-decoder-ogg-theora: a1e56fd34408186e4bbccfd4996cb3dc -> 
  custom:container-muxer-webm: aa71ff27fc2769a1b78a27578f13a17b -> 
  custom:container-demuxer-webm: 4f35f7cbe854078d1ac9338744f61a02 -> 
  custom:container-demuxer-ogg: 62fdf1f143b41e24485cea50d1cbac27 -> 
  custom:video-encoder-webm-vp8: eb34c28f22e8b96e1ab97ce403110664 -> 
  custom:video-decoder-webm-vp8: 9c59270c3fd7afecdb556c50c9e8de78 -> 
  custom:audio-decoder-ogg-vorbis: bf7c407c2cedff20999df2af8eb42d56 -> 
  custom:audio-encoder-webm-vorbis: bf7c407c2cedff20999df2af8eb42d56 -> 
========================================================================
Received Import Request.
  Time since last request: 40.387864 seconds.
  path: Assets/prefabs/WoodenBarbedWireBarrier_33_v1.prefab
  artifactKey: Guid(f3041f69dcd592640b0c360f7b709853) Importer(815301076,1909f56bfc062723c751e8b465ee728b)
Start importing Assets/prefabs/WoodenBarbedWireBarrier_33_v1.prefab using Guid(f3041f69dcd592640b0c360f7b709853) Importer(815301076,1909f56bfc062723c751e8b465ee728b)  -> (artifact id: '09967c127187eafcb4313c617af9d4b4') in 0.190546 seconds 
  Import took 0.195712 seconds .

========================================================================
Received Import Request.
  Time since last request: 2.603917 seconds.
  path: Assets/prefabs/WoodenBarbedWireBarrier_33_v1.prefab
  artifactKey: Guid(f3041f69dcd592640b0c360f7b709853) Importer(815301076,1909f56bfc062723c751e8b465ee728b)
Start importing Assets/prefabs/WoodenBarbedWireBarrier_33_v1.prefab using Guid(f3041f69dcd592640b0c360f7b709853) Importer(815301076,1909f56bfc062723c751e8b465ee728b)  -> (artifact id: '80c0560a8969661494619383ebc9b1ee') in 0.014261 seconds 
  Import took 0.019457 seconds .

========================================================================
Received Import Request.
  Time since last request: 0.016589 seconds.
  path: Assets/prefabs/WoodenBarbedWireBarrier_33_v1.prefab
  artifactKey: Guid(f3041f69dcd592640b0c360f7b709853) Importer(815301076,1909f56bfc062723c751e8b465ee728b)
Start importing Assets/prefabs/WoodenBarbedWireBarrier_33_v1.prefab using Guid(f3041f69dcd592640b0c360f7b709853) Importer(815301076,1909f56bfc062723c751e8b465ee728b)  -> (artifact id: '80c0560a8969661494619383ebc9b1ee') in 0.012711 seconds 
  Import took 0.017982 seconds .

========================================================================
Received Import Request.
  Time since last request: 8.241874 seconds.
  path: Assets/prefabs/WoodenBarbedWireBarrier_33_v1.prefab
  artifactKey: Guid(f3041f69dcd592640b0c360f7b709853) Importer(815301076,1909f56bfc062723c751e8b465ee728b)
Start importing Assets/prefabs/WoodenBarbedWireBarrier_33_v1.prefab using Guid(f3041f69dcd592640b0c360f7b709853) Importer(815301076,1909f56bfc062723c751e8b465ee728b)  -> (artifact id: '731e2d2fa02da7b91e5e3bb30d21a6a9') in 0.014200 seconds 
  Import took 0.019099 seconds .

========================================================================
Received Import Request.
  Time since last request: 0.016366 seconds.
  path: Assets/prefabs/WoodenBarbedWireBarrier_33_v1.prefab
  artifactKey: Guid(f3041f69dcd592640b0c360f7b709853) Importer(815301076,1909f56bfc062723c751e8b465ee728b)
Start importing Assets/prefabs/WoodenBarbedWireBarrier_33_v1.prefab using Guid(f3041f69dcd592640b0c360f7b709853) Importer(815301076,1909f56bfc062723c751e8b465ee728b)  -> (artifact id: '731e2d2fa02da7b91e5e3bb30d21a6a9') in 0.014031 seconds 
  Import took 0.019177 seconds .

========================================================================
Received Import Request.
  Time since last request: 1.597732 seconds.
  path: Assets/prefabs/WoodenBarbedWireBarrier_33_v1.prefab
  artifactKey: Guid(f3041f69dcd592640b0c360f7b709853) Importer(815301076,1909f56bfc062723c751e8b465ee728b)
Start importing Assets/prefabs/WoodenBarbedWireBarrier_33_v1.prefab using Guid(f3041f69dcd592640b0c360f7b709853) Importer(815301076,1909f56bfc062723c751e8b465ee728b)  -> (artifact id: '84736bb9f6f1022cea42fc1640abc936') in 0.012828 seconds 
  Import took 0.017867 seconds .

========================================================================
Received Import Request.
  Time since last request: 0.014668 seconds.
  path: Assets/prefabs/WoodenBarbedWireBarrier_33_v1.prefab
  artifactKey: Guid(f3041f69dcd592640b0c360f7b709853) Importer(815301076,1909f56bfc062723c751e8b465ee728b)
Start importing Assets/prefabs/WoodenBarbedWireBarrier_33_v1.prefab using Guid(f3041f69dcd592640b0c360f7b709853) Importer(815301076,1909f56bfc062723c751e8b465ee728b)  -> (artifact id: '84736bb9f6f1022cea42fc1640abc936') in 0.013019 seconds 
  Import took 0.018325 seconds .

========================================================================
Received Import Request.
  Time since last request: 2.588173 seconds.
  path: Assets/prefabs/WoodenBarbedWireBarrier_33_v1.prefab
  artifactKey: Guid(f3041f69dcd592640b0c360f7b709853) Importer(815301076,1909f56bfc062723c751e8b465ee728b)
Start importing Assets/prefabs/WoodenBarbedWireBarrier_33_v1.prefab using Guid(f3041f69dcd592640b0c360f7b709853) Importer(815301076,1909f56bfc062723c751e8b465ee728b)  -> (artifact id: 'df5f4cc1f8f67f2da67cfed08695c924') in 0.013106 seconds 
  Import took 0.019313 seconds .

========================================================================
Received Import Request.
  Time since last request: 0.014611 seconds.
  path: Assets/prefabs/WoodenBarbedWireBarrier_33_v1.prefab
  artifactKey: Guid(f3041f69dcd592640b0c360f7b709853) Importer(815301076,1909f56bfc062723c751e8b465ee728b)
Start importing Assets/prefabs/WoodenBarbedWireBarrier_33_v1.prefab using Guid(f3041f69dcd592640b0c360f7b709853) Importer(815301076,1909f56bfc062723c751e8b465ee728b)  -> (artifact id: 'df5f4cc1f8f67f2da67cfed08695c924') in 0.013414 seconds 
  Import took 0.018417 seconds .

========================================================================
Received Import Request.
  Time since last request: 4.188084 seconds.
  path: Assets/prefabs/WoodenBarbedWireBarrier_33_v1.prefab
  artifactKey: Guid(f3041f69dcd592640b0c360f7b709853) Importer(815301076,1909f56bfc062723c751e8b465ee728b)
Start importing Assets/prefabs/WoodenBarbedWireBarrier_33_v1.prefab using Guid(f3041f69dcd592640b0c360f7b709853) Importer(815301076,1909f56bfc062723c751e8b465ee728b)  -> (artifact id: '22be2fd8954f6387f159f9528569d45c') in 0.013395 seconds 
  Import took 0.018345 seconds .

========================================================================
Received Import Request.
  Time since last request: 0.014659 seconds.
  path: Assets/prefabs/WoodenBarbedWireBarrier_33_v1.prefab
  artifactKey: Guid(f3041f69dcd592640b0c360f7b709853) Importer(815301076,1909f56bfc062723c751e8b465ee728b)
Start importing Assets/prefabs/WoodenBarbedWireBarrier_33_v1.prefab using Guid(f3041f69dcd592640b0c360f7b709853) Importer(815301076,1909f56bfc062723c751e8b465ee728b)  -> (artifact id: '22be2fd8954f6387f159f9528569d45c') in 0.013268 seconds 
  Import took 0.018300 seconds .

========================================================================
Received Import Request.
  Time since last request: 8.018611 seconds.
  path: Assets/prefabs/WoodenBarbedWireBarrier_33_v1.prefab
  artifactKey: Guid(f3041f69dcd592640b0c360f7b709853) Importer(815301076,1909f56bfc062723c751e8b465ee728b)
Start importing Assets/prefabs/WoodenBarbedWireBarrier_33_v1.prefab using Guid(f3041f69dcd592640b0c360f7b709853) Importer(815301076,1909f56bfc062723c751e8b465ee728b)  -> (artifact id: 'c13aff9de6c2c94715dbce611eff7e13') in 0.013626 seconds 
  Import took 0.018832 seconds .

========================================================================
Received Import Request.
  Time since last request: 0.014406 seconds.
  path: Assets/prefabs/WoodenBarbedWireBarrier_33_v1.prefab
  artifactKey: Guid(f3041f69dcd592640b0c360f7b709853) Importer(815301076,1909f56bfc062723c751e8b465ee728b)
Start importing Assets/prefabs/WoodenBarbedWireBarrier_33_v1.prefab using Guid(f3041f69dcd592640b0c360f7b709853) Importer(815301076,1909f56bfc062723c751e8b465ee728b)  -> (artifact id: 'c13aff9de6c2c94715dbce611eff7e13') in 0.013320 seconds 
  Import took 0.018238 seconds .

========================================================================
Received Prepare
Registering precompiled user dll's ...
Registered in 0.007632 seconds.
Begin MonoManager ReloadAssembly
Native extension for WindowsStandalone target not found
Native extension for WebGL target not found
Refreshing native plugins compatible for Editor in 1.29 ms, found 2 plugins.
Preloading 0 native plugins for Editor in 0.00 ms.
Mono: successfully reloaded assembly
- Completed reload, in  1.429 seconds
Domain Reload Profiling:
	ReloadAssembly (1429ms)
		BeginReloadAssembly (141ms)
			ExecutionOrderSort (0ms)
			DisableScriptedObjects (10ms)
			BackupInstance (0ms)
			ReleaseScriptingObjects (0ms)
			CreateAndSetChildDomain (39ms)
		EndReloadAssembly (1206ms)
			LoadAssemblies (119ms)
			RebuildTransferFunctionScriptingTraits (0ms)
			SetupTypeCache (349ms)
			ReleaseScriptCaches (1ms)
			RebuildScriptCaches (65ms)
			SetupLoadedEditorAssemblies (488ms)
				LogAssemblyErrors (0ms)
				InitializePlatformSupportModulesInManaged (7ms)
				SetLoadedEditorAssemblies (1ms)
				RefreshPlugins (1ms)
				BeforeProcessingInitializeOnLoad (138ms)
				ProcessInitializeOnLoadAttributes (289ms)
				ProcessInitializeOnLoadMethodAttributes (39ms)
				AfterProcessingInitializeOnLoad (12ms)
				EditorAssembliesLoaded (1ms)
			ExecutionOrderSort2 (0ms)
			AwakeInstancesAfterBackupRestoration (23ms)
Platform modules already initialized, skipping
Shader 'Universal Render Pipeline/Particles/Lit': fallback shader 'Universal Render Pipeline/Particles/SimpleLit' not found
Refreshing native plugins compatible for Editor in 0.98 ms, found 2 plugins.
Preloading 0 native plugins for Editor in 0.00 ms.
Unloading 3191 Unused Serialized files (Serialized files now loaded: 0)
System memory in use before: 268.4 MB.
System memory in use after: 268.6 MB.

Unloading 50 unused Assets to reduce memory usage. Loaded Objects now: 3937.
Total: 7.861500 ms (FindLiveObjects: 0.370500 ms CreateObjectMapping: 0.082500 ms MarkObjects: 7.362000 ms  DeleteObjects: 0.044900 ms)

AssetImportParameters requested are different than current active one (requested -> active):
  custom:framework-win-MediaFoundation: 216162199b28c13a410421893ffa2e32 -> 
  custom:video-decoder-ogg-theora: a1e56fd34408186e4bbccfd4996cb3dc -> 
  custom:container-muxer-webm: aa71ff27fc2769a1b78a27578f13a17b -> 
  custom:container-demuxer-webm: 4f35f7cbe854078d1ac9338744f61a02 -> 
  custom:container-demuxer-ogg: 62fdf1f143b41e24485cea50d1cbac27 -> 
  custom:video-encoder-webm-vp8: eb34c28f22e8b96e1ab97ce403110664 -> 
  custom:video-decoder-webm-vp8: 9c59270c3fd7afecdb556c50c9e8de78 -> 
  custom:audio-decoder-ogg-vorbis: bf7c407c2cedff20999df2af8eb42d56 -> 
  custom:audio-encoder-webm-vorbis: bf7c407c2cedff20999df2af8eb42d56 -> 
========================================================================
Received Import Request.
  Time since last request: 83.218088 seconds.
  path: Assets/prefabs/Zombie Enemy.prefab
  artifactKey: Guid(b15b245f1f89b984fbd68dd76e758ae6) Importer(815301076,1909f56bfc062723c751e8b465ee728b)
Start importing Assets/prefabs/Zombie Enemy.prefab using Guid(b15b245f1f89b984fbd68dd76e758ae6) Importer(815301076,1909f56bfc062723c751e8b465ee728b)  -> (artifact id: '39649aba3091055d40b80b4b6f88d9e2') in 0.235297 seconds 
  Import took 0.241613 seconds .

========================================================================
Received Import Request.
  Time since last request: 0.000198 seconds.
  path: Assets/prefabs/Zombie.prefab
  artifactKey: Guid(2be348a2dbcfaca40bdc75789357c7cc) Importer(815301076,1909f56bfc062723c751e8b465ee728b)
Start importing Assets/prefabs/Zombie.prefab using Guid(2be348a2dbcfaca40bdc75789357c7cc) Importer(815301076,1909f56bfc062723c751e8b465ee728b)  -> (artifact id: '6d1d694c3415478434d2394684717fe1') in 0.013982 seconds 
  Import took 0.019021 seconds .

========================================================================
Received Import Request.
  Time since last request: 39.705869 seconds.
  path: ProjectSettings/TagManager.asset
  artifactKey: Guid(00000000000000003000000000000000) Importer(815301076,1909f56bfc062723c751e8b465ee728b)
Start importing ProjectSettings/TagManager.asset using Guid(00000000000000003000000000000000) Importer(815301076,1909f56bfc062723c751e8b465ee728b)  -> (artifact id: 'f5b2b1accd6ecef6c8a74376968c9741') in 0.004566 seconds 
  Import took 0.009478 seconds .

========================================================================
Received Import Request.
  Time since last request: 0.005379 seconds.
  path: ProjectSettings/TagManager.asset
  artifactKey: Guid(00000000000000003000000000000000) Importer(815301076,1909f56bfc062723c751e8b465ee728b)
Start importing ProjectSettings/TagManager.asset using Guid(00000000000000003000000000000000) Importer(815301076,1909f56bfc062723c751e8b465ee728b)  -> (artifact id: 'f5b2b1accd6ecef6c8a74376968c9741') in 0.004056 seconds 
  Import took 0.009389 seconds .

========================================================================
Received Prepare
Registering precompiled user dll's ...
Registered in 0.007820 seconds.
Begin MonoManager ReloadAssembly
Native extension for WindowsStandalone target not found
Native extension for WebGL target not found
Refreshing native plugins compatible for Editor in 1.04 ms, found 2 plugins.
Preloading 0 native plugins for Editor in 0.00 ms.
Mono: successfully reloaded assembly
- Completed reload, in  1.424 seconds
Domain Reload Profiling:
	ReloadAssembly (1425ms)
		BeginReloadAssembly (141ms)
			ExecutionOrderSort (0ms)
			DisableScriptedObjects (10ms)
			BackupInstance (0ms)
			ReleaseScriptingObjects (0ms)
			CreateAndSetChildDomain (42ms)
		EndReloadAssembly (1211ms)
			LoadAssemblies (114ms)
			RebuildTransferFunctionScriptingTraits (0ms)
			SetupTypeCache (347ms)
			ReleaseScriptCaches (1ms)
			RebuildScriptCaches (68ms)
			SetupLoadedEditorAssemblies (487ms)
				LogAssemblyErrors (0ms)
				InitializePlatformSupportModulesInManaged (7ms)
				SetLoadedEditorAssemblies (1ms)
				RefreshPlugins (1ms)
				BeforeProcessingInitializeOnLoad (135ms)
				ProcessInitializeOnLoadAttributes (295ms)
				ProcessInitializeOnLoadMethodAttributes (39ms)
				AfterProcessingInitializeOnLoad (9ms)
				EditorAssembliesLoaded (0ms)
			ExecutionOrderSort2 (0ms)
			AwakeInstancesAfterBackupRestoration (23ms)
Platform modules already initialized, skipping
Shader 'Universal Render Pipeline/Particles/Lit': fallback shader 'Universal Render Pipeline/Particles/SimpleLit' not found
Refreshing native plugins compatible for Editor in 0.98 ms, found 2 plugins.
Preloading 0 native plugins for Editor in 0.00 ms.
Unloading 3191 Unused Serialized files (Serialized files now loaded: 0)
System memory in use before: 282.2 MB.
System memory in use after: 282.4 MB.

Unloading 52 unused Assets to reduce memory usage. Loaded Objects now: 3978.
Total: 6.198000 ms (FindLiveObjects: 0.360100 ms CreateObjectMapping: 0.083100 ms MarkObjects: 5.723100 ms  DeleteObjects: 0.030700 ms)

AssetImportParameters requested are different than current active one (requested -> active):
  custom:framework-win-MediaFoundation: 216162199b28c13a410421893ffa2e32 -> 
  custom:video-decoder-ogg-theora: a1e56fd34408186e4bbccfd4996cb3dc -> 
  custom:container-muxer-webm: aa71ff27fc2769a1b78a27578f13a17b -> 
  custom:container-demuxer-webm: 4f35f7cbe854078d1ac9338744f61a02 -> 
  custom:container-demuxer-ogg: 62fdf1f143b41e24485cea50d1cbac27 -> 
  custom:video-encoder-webm-vp8: eb34c28f22e8b96e1ab97ce403110664 -> 
  custom:video-decoder-webm-vp8: 9c59270c3fd7afecdb556c50c9e8de78 -> 
  custom:audio-decoder-ogg-vorbis: bf7c407c2cedff20999df2af8eb42d56 -> 
  custom:audio-encoder-webm-vorbis: bf7c407c2cedff20999df2af8eb42d56 -> 
========================================================================
Received Prepare
Registering precompiled user dll's ...
Registered in 0.008759 seconds.
Begin MonoManager ReloadAssembly
Native extension for WindowsStandalone target not found
Native extension for WebGL target not found
Refreshing native plugins compatible for Editor in 0.96 ms, found 2 plugins.
Preloading 0 native plugins for Editor in 0.00 ms.
Mono: successfully reloaded assembly
- Completed reload, in  1.335 seconds
Domain Reload Profiling:
	ReloadAssembly (1335ms)
		BeginReloadAssembly (130ms)
			ExecutionOrderSort (0ms)
			DisableScriptedObjects (7ms)
			BackupInstance (0ms)
			ReleaseScriptingObjects (0ms)
			CreateAndSetChildDomain (36ms)
		EndReloadAssembly (1132ms)
			LoadAssemblies (108ms)
			RebuildTransferFunctionScriptingTraits (0ms)
			SetupTypeCache (329ms)
			ReleaseScriptCaches (1ms)
			RebuildScriptCaches (66ms)
			SetupLoadedEditorAssemblies (452ms)
				LogAssemblyErrors (0ms)
				InitializePlatformSupportModulesInManaged (6ms)
				SetLoadedEditorAssemblies (0ms)
				RefreshPlugins (1ms)
				BeforeProcessingInitializeOnLoad (131ms)
				ProcessInitializeOnLoadAttributes (266ms)
				ProcessInitializeOnLoadMethodAttributes (37ms)
				AfterProcessingInitializeOnLoad (9ms)
				EditorAssembliesLoaded (0ms)
			ExecutionOrderSort2 (0ms)
			AwakeInstancesAfterBackupRestoration (22ms)
Platform modules already initialized, skipping
Shader 'Universal Render Pipeline/Particles/Lit': fallback shader 'Universal Render Pipeline/Particles/SimpleLit' not found
Refreshing native plugins compatible for Editor in 0.98 ms, found 2 plugins.
Preloading 0 native plugins for Editor in 0.00 ms.
Unloading 3191 Unused Serialized files (Serialized files now loaded: 0)
System memory in use before: 282.2 MB.
System memory in use after: 282.4 MB.

Unloading 50 unused Assets to reduce memory usage. Loaded Objects now: 3981.
Total: 6.986000 ms (FindLiveObjects: 0.405500 ms CreateObjectMapping: 0.110900 ms MarkObjects: 6.426500 ms  DeleteObjects: 0.040600 ms)

AssetImportParameters requested are different than current active one (requested -> active):
  custom:framework-win-MediaFoundation: 216162199b28c13a410421893ffa2e32 -> 
  custom:video-decoder-ogg-theora: a1e56fd34408186e4bbccfd4996cb3dc -> 
  custom:container-muxer-webm: aa71ff27fc2769a1b78a27578f13a17b -> 
  custom:container-demuxer-webm: 4f35f7cbe854078d1ac9338744f61a02 -> 
  custom:container-demuxer-ogg: 62fdf1f143b41e24485cea50d1cbac27 -> 
  custom:video-encoder-webm-vp8: eb34c28f22e8b96e1ab97ce403110664 -> 
  custom:video-decoder-webm-vp8: 9c59270c3fd7afecdb556c50c9e8de78 -> 
  custom:audio-decoder-ogg-vorbis: bf7c407c2cedff20999df2af8eb42d56 -> 
  custom:audio-encoder-webm-vorbis: bf7c407c2cedff20999df2af8eb42d56 -> 
========================================================================
Received Prepare
Registering precompiled user dll's ...
Registered in 0.007539 seconds.
Begin MonoManager ReloadAssembly
Native extension for WindowsStandalone target not found
Native extension for WebGL target not found
Refreshing native plugins compatible for Editor in 0.98 ms, found 2 plugins.
Preloading 0 native plugins for Editor in 0.00 ms.
Mono: successfully reloaded assembly
- Completed reload, in  1.334 seconds
Domain Reload Profiling:
	ReloadAssembly (1335ms)
		BeginReloadAssembly (141ms)
			ExecutionOrderSort (0ms)
			DisableScriptedObjects (8ms)
			BackupInstance (0ms)
			ReleaseScriptingObjects (0ms)
			CreateAndSetChildDomain (46ms)
		EndReloadAssembly (1120ms)
			LoadAssemblies (112ms)
			RebuildTransferFunctionScriptingTraits (0ms)
			SetupTypeCache (319ms)
			ReleaseScriptCaches (1ms)
			RebuildScriptCaches (63ms)
			SetupLoadedEditorAssemblies (451ms)
				LogAssemblyErrors (0ms)
				InitializePlatformSupportModulesInManaged (6ms)
				SetLoadedEditorAssemblies (1ms)
				RefreshPlugins (1ms)
				BeforeProcessingInitializeOnLoad (134ms)
				ProcessInitializeOnLoadAttributes (265ms)
				ProcessInitializeOnLoadMethodAttributes (37ms)
				AfterProcessingInitializeOnLoad (8ms)
				EditorAssembliesLoaded (0ms)
			ExecutionOrderSort2 (0ms)
			AwakeInstancesAfterBackupRestoration (22ms)
Platform modules already initialized, skipping
Shader 'Universal Render Pipeline/Particles/Lit': fallback shader 'Universal Render Pipeline/Particles/SimpleLit' not found
Refreshing native plugins compatible for Editor in 0.95 ms, found 2 plugins.
Preloading 0 native plugins for Editor in 0.00 ms.
Unloading 3191 Unused Serialized files (Serialized files now loaded: 0)
System memory in use before: 282.2 MB.
System memory in use after: 282.4 MB.

Unloading 50 unused Assets to reduce memory usage. Loaded Objects now: 3984.
Total: 6.130800 ms (FindLiveObjects: 0.323000 ms CreateObjectMapping: 0.084500 ms MarkObjects: 5.690000 ms  DeleteObjects: 0.031900 ms)

AssetImportParameters requested are different than current active one (requested -> active):
  custom:framework-win-MediaFoundation: 216162199b28c13a410421893ffa2e32 -> 
  custom:video-decoder-ogg-theora: a1e56fd34408186e4bbccfd4996cb3dc -> 
  custom:container-muxer-webm: aa71ff27fc2769a1b78a27578f13a17b -> 
  custom:container-demuxer-webm: 4f35f7cbe854078d1ac9338744f61a02 -> 
  custom:container-demuxer-ogg: 62fdf1f143b41e24485cea50d1cbac27 -> 
  custom:video-encoder-webm-vp8: eb34c28f22e8b96e1ab97ce403110664 -> 
  custom:video-decoder-webm-vp8: 9c59270c3fd7afecdb556c50c9e8de78 -> 
  custom:audio-decoder-ogg-vorbis: bf7c407c2cedff20999df2af8eb42d56 -> 
  custom:audio-encoder-webm-vorbis: bf7c407c2cedff20999df2af8eb42d56 -> 
========================================================================
Received Prepare
Registering precompiled user dll's ...
Registered in 0.007792 seconds.
Begin MonoManager ReloadAssembly
Native extension for WindowsStandalone target not found
Native extension for WebGL target not found
Refreshing native plugins compatible for Editor in 0.96 ms, found 2 plugins.
Preloading 0 native plugins for Editor in 0.00 ms.
Mono: successfully reloaded assembly
- Completed reload, in  1.387 seconds
Domain Reload Profiling:
	ReloadAssembly (1387ms)
		BeginReloadAssembly (175ms)
			ExecutionOrderSort (0ms)
			DisableScriptedObjects (8ms)
			BackupInstance (0ms)
			ReleaseScriptingObjects (0ms)
			CreateAndSetChildDomain (59ms)
		EndReloadAssembly (1134ms)
			LoadAssemblies (120ms)
			RebuildTransferFunctionScriptingTraits (0ms)
			SetupTypeCache (331ms)
			ReleaseScriptCaches (1ms)
			RebuildScriptCaches (59ms)
			SetupLoadedEditorAssemblies (459ms)
				LogAssemblyErrors (0ms)
				InitializePlatformSupportModulesInManaged (6ms)
				SetLoadedEditorAssemblies (0ms)
				RefreshPlugins (1ms)
				BeforeProcessingInitializeOnLoad (135ms)
				ProcessInitializeOnLoadAttributes (270ms)
				ProcessInitializeOnLoadMethodAttributes (38ms)
				AfterProcessingInitializeOnLoad (8ms)
				EditorAssembliesLoaded (0ms)
			ExecutionOrderSort2 (0ms)
			AwakeInstancesAfterBackupRestoration (22ms)
Platform modules already initialized, skipping
Shader 'Universal Render Pipeline/Particles/Lit': fallback shader 'Universal Render Pipeline/Particles/SimpleLit' not found
Refreshing native plugins compatible for Editor in 0.96 ms, found 2 plugins.
Preloading 0 native plugins for Editor in 0.00 ms.
Unloading 3191 Unused Serialized files (Serialized files now loaded: 0)
System memory in use before: 282.2 MB.
System memory in use after: 282.4 MB.

Unloading 50 unused Assets to reduce memory usage. Loaded Objects now: 3987.
Total: 6.986900 ms (FindLiveObjects: 0.348400 ms CreateObjectMapping: 0.091500 ms MarkObjects: 6.513000 ms  DeleteObjects: 0.032500 ms)

AssetImportParameters requested are different than current active one (requested -> active):
  custom:framework-win-MediaFoundation: 216162199b28c13a410421893ffa2e32 -> 
  custom:video-decoder-ogg-theora: a1e56fd34408186e4bbccfd4996cb3dc -> 
  custom:container-muxer-webm: aa71ff27fc2769a1b78a27578f13a17b -> 
  custom:container-demuxer-webm: 4f35f7cbe854078d1ac9338744f61a02 -> 
  custom:container-demuxer-ogg: 62fdf1f143b41e24485cea50d1cbac27 -> 
  custom:video-encoder-webm-vp8: eb34c28f22e8b96e1ab97ce403110664 -> 
  custom:video-decoder-webm-vp8: 9c59270c3fd7afecdb556c50c9e8de78 -> 
  custom:audio-decoder-ogg-vorbis: bf7c407c2cedff20999df2af8eb42d56 -> 
  custom:audio-encoder-webm-vorbis: bf7c407c2cedff20999df2af8eb42d56 -> 
========================================================================
Received Import Request.
  Time since last request: 302.896502 seconds.
  path: Assets/prefabs/Zombie Enemy.prefab
  artifactKey: Guid(b15b245f1f89b984fbd68dd76e758ae6) Importer(815301076,1909f56bfc062723c751e8b465ee728b)
Start importing Assets/prefabs/Zombie Enemy.prefab using Guid(b15b245f1f89b984fbd68dd76e758ae6) Importer(815301076,1909f56bfc062723c751e8b465ee728b)  -> (artifact id: 'a2d96f4239ecdfa12710dc1a692e6ca0') in 0.194945 seconds 
  Import took 0.200751 seconds .

========================================================================
Received Import Request.
  Time since last request: 7.018873 seconds.
  path: Assets/prefabs/Zombie Boss.prefab
  artifactKey: Guid(47804e9d72699b741b25b174670e8622) Importer(815301076,1909f56bfc062723c751e8b465ee728b)
Start importing Assets/prefabs/Zombie Boss.prefab using Guid(47804e9d72699b741b25b174670e8622) Importer(815301076,1909f56bfc062723c751e8b465ee728b)  -> (artifact id: '9c6539d16580ab5145b2d319039bc560') in 0.022717 seconds 
  Import took 0.028588 seconds .

========================================================================
Received Import Request.
  Time since last request: 0.010580 seconds.
  path: Assets/prefabs/Zombie Boss.prefab
  artifactKey: Guid(47804e9d72699b741b25b174670e8622) Importer(815301076,1909f56bfc062723c751e8b465ee728b)
Start importing Assets/prefabs/Zombie Boss.prefab using Guid(47804e9d72699b741b25b174670e8622) Importer(815301076,1909f56bfc062723c751e8b465ee728b)  -> (artifact id: '9c6539d16580ab5145b2d319039bc560') in 0.022910 seconds 
  Import took 0.028450 seconds .

========================================================================
Received Import Request.
  Time since last request: 13.270475 seconds.
  path: Assets/prefabs/Zombie Boss.prefab
  artifactKey: Guid(47804e9d72699b741b25b174670e8622) Importer(815301076,1909f56bfc062723c751e8b465ee728b)
Start importing Assets/prefabs/Zombie Boss.prefab using Guid(47804e9d72699b741b25b174670e8622) Importer(815301076,1909f56bfc062723c751e8b465ee728b)  -> (artifact id: '0f4580eed46b48387ea4003260b0c71a') in 0.021695 seconds 
  Import took 0.027156 seconds .

========================================================================
Received Import Request.
  Time since last request: 0.009956 seconds.
  path: Assets/prefabs/Zombie Boss.prefab
  artifactKey: Guid(47804e9d72699b741b25b174670e8622) Importer(815301076,1909f56bfc062723c751e8b465ee728b)
Start importing Assets/prefabs/Zombie Boss.prefab using Guid(47804e9d72699b741b25b174670e8622) Importer(815301076,1909f56bfc062723c751e8b465ee728b)  -> (artifact id: '0f4580eed46b48387ea4003260b0c71a') in 0.021604 seconds 
  Import took 0.027069 seconds .

========================================================================
Received Import Request.
  Time since last request: 4.718626 seconds.
  path: Assets/prefabs/Zombie Boss.prefab
  artifactKey: Guid(47804e9d72699b741b25b174670e8622) Importer(815301076,1909f56bfc062723c751e8b465ee728b)
Start importing Assets/prefabs/Zombie Boss.prefab using Guid(47804e9d72699b741b25b174670e8622) Importer(815301076,1909f56bfc062723c751e8b465ee728b)  -> (artifact id: 'af4f20f22eede031382e89c3a9ef2ab1') in 0.021384 seconds 
  Import took 0.026857 seconds .

========================================================================
Received Import Request.
  Time since last request: 0.009748 seconds.
  path: Assets/prefabs/Zombie Boss.prefab
  artifactKey: Guid(47804e9d72699b741b25b174670e8622) Importer(815301076,1909f56bfc062723c751e8b465ee728b)
Start importing Assets/prefabs/Zombie Boss.prefab using Guid(47804e9d72699b741b25b174670e8622) Importer(815301076,1909f56bfc062723c751e8b465ee728b)  -> (artifact id: 'af4f20f22eede031382e89c3a9ef2ab1') in 0.021695 seconds 
  Import took 0.027422 seconds .

========================================================================
Received Import Request.
  Time since last request: 7.095391 seconds.
  path: Assets/prefabs/Zombie Boss.prefab
  artifactKey: Guid(47804e9d72699b741b25b174670e8622) Importer(815301076,1909f56bfc062723c751e8b465ee728b)
Start importing Assets/prefabs/Zombie Boss.prefab using Guid(47804e9d72699b741b25b174670e8622) Importer(815301076,1909f56bfc062723c751e8b465ee728b)  -> (artifact id: '2fe627b25dc7c6ac0a3ef41e3577cd46') in 0.024189 seconds 
  Import took 0.029964 seconds .

========================================================================
Received Import Request.
  Time since last request: 0.013960 seconds.
  path: Assets/prefabs/Zombie Boss.prefab
  artifactKey: Guid(47804e9d72699b741b25b174670e8622) Importer(815301076,1909f56bfc062723c751e8b465ee728b)
Start importing Assets/prefabs/Zombie Boss.prefab using Guid(47804e9d72699b741b25b174670e8622) Importer(815301076,1909f56bfc062723c751e8b465ee728b)  -> (artifact id: '2fe627b25dc7c6ac0a3ef41e3577cd46') in 0.023780 seconds 
  Import took 0.029447 seconds .

========================================================================
Received Prepare
Registering precompiled user dll's ...
Registered in 0.007703 seconds.
Begin MonoManager ReloadAssembly
Native extension for WindowsStandalone target not found
Native extension for WebGL target not found
Refreshing native plugins compatible for Editor in 0.95 ms, found 2 plugins.
Preloading 0 native plugins for Editor in 0.00 ms.
Mono: successfully reloaded assembly
- Completed reload, in  1.391 seconds
Domain Reload Profiling:
	ReloadAssembly (1391ms)
		BeginReloadAssembly (166ms)
			ExecutionOrderSort (0ms)
			DisableScriptedObjects (11ms)
			BackupInstance (0ms)
			ReleaseScriptingObjects (0ms)
			CreateAndSetChildDomain (43ms)
		EndReloadAssembly (1143ms)
			LoadAssemblies (132ms)
			RebuildTransferFunctionScriptingTraits (0ms)
			SetupTypeCache (336ms)
			ReleaseScriptCaches (1ms)
			RebuildScriptCaches (61ms)
			SetupLoadedEditorAssemblies (449ms)
				LogAssemblyErrors (0ms)
				InitializePlatformSupportModulesInManaged (6ms)
				SetLoadedEditorAssemblies (1ms)
				RefreshPlugins (1ms)
				BeforeProcessingInitializeOnLoad (130ms)
				ProcessInitializeOnLoadAttributes (266ms)
				ProcessInitializeOnLoadMethodAttributes (36ms)
				AfterProcessingInitializeOnLoad (9ms)
				EditorAssembliesLoaded (0ms)
			ExecutionOrderSort2 (0ms)
			AwakeInstancesAfterBackupRestoration (23ms)
Platform modules already initialized, skipping
Shader 'Universal Render Pipeline/Particles/Lit': fallback shader 'Universal Render Pipeline/Particles/SimpleLit' not found
Refreshing native plugins compatible for Editor in 1.18 ms, found 2 plugins.
Preloading 0 native plugins for Editor in 0.00 ms.
Unloading 3191 Unused Serialized files (Serialized files now loaded: 0)
System memory in use before: 282.4 MB.
System memory in use after: 282.7 MB.

Unloading 50 unused Assets to reduce memory usage. Loaded Objects now: 4026.
Total: 6.590100 ms (FindLiveObjects: 0.401000 ms CreateObjectMapping: 0.099800 ms MarkObjects: 6.056600 ms  DeleteObjects: 0.031300 ms)

AssetImportParameters requested are different than current active one (requested -> active):
  custom:framework-win-MediaFoundation: 216162199b28c13a410421893ffa2e32 -> 
  custom:video-decoder-ogg-theora: a1e56fd34408186e4bbccfd4996cb3dc -> 
  custom:container-muxer-webm: aa71ff27fc2769a1b78a27578f13a17b -> 
  custom:container-demuxer-webm: 4f35f7cbe854078d1ac9338744f61a02 -> 
  custom:container-demuxer-ogg: 62fdf1f143b41e24485cea50d1cbac27 -> 
  custom:video-encoder-webm-vp8: eb34c28f22e8b96e1ab97ce403110664 -> 
  custom:video-decoder-webm-vp8: 9c59270c3fd7afecdb556c50c9e8de78 -> 
  custom:audio-decoder-ogg-vorbis: bf7c407c2cedff20999df2af8eb42d56 -> 
  custom:audio-encoder-webm-vorbis: bf7c407c2cedff20999df2af8eb42d56 -> 
========================================================================
Received Prepare
Registering precompiled user dll's ...
Registered in 0.007422 seconds.
Begin MonoManager ReloadAssembly
Native extension for WindowsStandalone target not found
Native extension for WebGL target not found
Refreshing native plugins compatible for Editor in 0.95 ms, found 2 plugins.
Preloading 0 native plugins for Editor in 0.00 ms.
Mono: successfully reloaded assembly
- Completed reload, in  1.346 seconds
Domain Reload Profiling:
	ReloadAssembly (1347ms)
		BeginReloadAssembly (136ms)
			ExecutionOrderSort (0ms)
			DisableScriptedObjects (9ms)
			BackupInstance (0ms)
			ReleaseScriptingObjects (0ms)
			CreateAndSetChildDomain (40ms)
		EndReloadAssembly (1134ms)
			LoadAssemblies (112ms)
			RebuildTransferFunctionScriptingTraits (0ms)
			SetupTypeCache (329ms)
			ReleaseScriptCaches (2ms)
			RebuildScriptCaches (62ms)
			SetupLoadedEditorAssemblies (454ms)
				LogAssemblyErrors (0ms)
				InitializePlatformSupportModulesInManaged (7ms)
				SetLoadedEditorAssemblies (0ms)
				RefreshPlugins (1ms)
				BeforeProcessingInitializeOnLoad (133ms)
				ProcessInitializeOnLoadAttributes (267ms)
				ProcessInitializeOnLoadMethodAttributes (37ms)
				AfterProcessingInitializeOnLoad (8ms)
				EditorAssembliesLoaded (0ms)
			ExecutionOrderSort2 (0ms)
			AwakeInstancesAfterBackupRestoration (23ms)
Platform modules already initialized, skipping
Shader 'Universal Render Pipeline/Particles/Lit': fallback shader 'Universal Render Pipeline/Particles/SimpleLit' not found
Refreshing native plugins compatible for Editor in 0.97 ms, found 2 plugins.
Preloading 0 native plugins for Editor in 0.00 ms.
Unloading 3191 Unused Serialized files (Serialized files now loaded: 0)
System memory in use before: 282.4 MB.
System memory in use after: 282.7 MB.

Unloading 50 unused Assets to reduce memory usage. Loaded Objects now: 4029.
Total: 6.205500 ms (FindLiveObjects: 0.342400 ms CreateObjectMapping: 0.082900 ms MarkObjects: 5.748100 ms  DeleteObjects: 0.030500 ms)

AssetImportParameters requested are different than current active one (requested -> active):
  custom:framework-win-MediaFoundation: 216162199b28c13a410421893ffa2e32 -> 
  custom:video-decoder-ogg-theora: a1e56fd34408186e4bbccfd4996cb3dc -> 
  custom:container-muxer-webm: aa71ff27fc2769a1b78a27578f13a17b -> 
  custom:container-demuxer-webm: 4f35f7cbe854078d1ac9338744f61a02 -> 
  custom:container-demuxer-ogg: 62fdf1f143b41e24485cea50d1cbac27 -> 
  custom:video-encoder-webm-vp8: eb34c28f22e8b96e1ab97ce403110664 -> 
  custom:video-decoder-webm-vp8: 9c59270c3fd7afecdb556c50c9e8de78 -> 
  custom:audio-decoder-ogg-vorbis: bf7c407c2cedff20999df2af8eb42d56 -> 
  custom:audio-encoder-webm-vorbis: bf7c407c2cedff20999df2af8eb42d56 -> 
========================================================================
Received Import Request.
  Time since last request: 249.080554 seconds.
  path: Assets/prefabs/Zombie Boss.prefab
  artifactKey: Guid(47804e9d72699b741b25b174670e8622) Importer(815301076,1909f56bfc062723c751e8b465ee728b)
Start importing Assets/prefabs/Zombie Boss.prefab using Guid(47804e9d72699b741b25b174670e8622) Importer(815301076,1909f56bfc062723c751e8b465ee728b)  -> (artifact id: '90da3e99624007c4f3a3d3120445e748') in 0.202512 seconds 
  Import took 0.208324 seconds .

========================================================================
Received Prepare
Registering precompiled user dll's ...
Registered in 0.007540 seconds.
Begin MonoManager ReloadAssembly
Native extension for WindowsStandalone target not found
Native extension for WebGL target not found
Refreshing native plugins compatible for Editor in 1.01 ms, found 2 plugins.
Preloading 0 native plugins for Editor in 0.00 ms.
Mono: successfully reloaded assembly
- Completed reload, in  1.403 seconds
Domain Reload Profiling:
	ReloadAssembly (1404ms)
		BeginReloadAssembly (160ms)
			ExecutionOrderSort (0ms)
			DisableScriptedObjects (10ms)
			BackupInstance (0ms)
			ReleaseScriptingObjects (0ms)
			CreateAndSetChildDomain (45ms)
		EndReloadAssembly (1162ms)
			LoadAssemblies (135ms)
			RebuildTransferFunctionScriptingTraits (0ms)
			SetupTypeCache (327ms)
			ReleaseScriptCaches (1ms)
			RebuildScriptCaches (61ms)
			SetupLoadedEditorAssemblies (471ms)
				LogAssemblyErrors (0ms)
				InitializePlatformSupportModulesInManaged (7ms)
				SetLoadedEditorAssemblies (0ms)
				RefreshPlugins (1ms)
				BeforeProcessingInitializeOnLoad (133ms)
				ProcessInitializeOnLoadAttributes (285ms)
				ProcessInitializeOnLoadMethodAttributes (36ms)
				AfterProcessingInitializeOnLoad (8ms)
				EditorAssembliesLoaded (0ms)
			ExecutionOrderSort2 (0ms)
			AwakeInstancesAfterBackupRestoration (29ms)
Platform modules already initialized, skipping
Shader 'Universal Render Pipeline/Particles/Lit': fallback shader 'Universal Render Pipeline/Particles/SimpleLit' not found
Refreshing native plugins compatible for Editor in 1.05 ms, found 2 plugins.
Preloading 0 native plugins for Editor in 0.00 ms.
Unloading 3191 Unused Serialized files (Serialized files now loaded: 0)
System memory in use before: 282.6 MB.
System memory in use after: 282.8 MB.

Unloading 50 unused Assets to reduce memory usage. Loaded Objects now: 4068.
Total: 7.172700 ms (FindLiveObjects: 0.393900 ms CreateObjectMapping: 0.106800 ms MarkObjects: 6.638900 ms  DeleteObjects: 0.031400 ms)

AssetImportParameters requested are different than current active one (requested -> active):
  custom:framework-win-MediaFoundation: 216162199b28c13a410421893ffa2e32 -> 
  custom:video-decoder-ogg-theora: a1e56fd34408186e4bbccfd4996cb3dc -> 
  custom:container-muxer-webm: aa71ff27fc2769a1b78a27578f13a17b -> 
  custom:container-demuxer-webm: 4f35f7cbe854078d1ac9338744f61a02 -> 
  custom:container-demuxer-ogg: 62fdf1f143b41e24485cea50d1cbac27 -> 
  custom:video-encoder-webm-vp8: eb34c28f22e8b96e1ab97ce403110664 -> 
  custom:video-decoder-webm-vp8: 9c59270c3fd7afecdb556c50c9e8de78 -> 
  custom:audio-decoder-ogg-vorbis: bf7c407c2cedff20999df2af8eb42d56 -> 
  custom:audio-encoder-webm-vorbis: bf7c407c2cedff20999df2af8eb42d56 -> 
========================================================================
Received Import Request.
  Time since last request: 97.154029 seconds.
  path: Assets/prefabs/Zombie Boss.prefab
  artifactKey: Guid(47804e9d72699b741b25b174670e8622) Importer(815301076,1909f56bfc062723c751e8b465ee728b)
Start importing Assets/prefabs/Zombie Boss.prefab using Guid(47804e9d72699b741b25b174670e8622) Importer(815301076,1909f56bfc062723c751e8b465ee728b)  -> (artifact id: 'c9bea2f52729858656682fd739243229') in 0.195747 seconds 
  Import took 0.201843 seconds .

========================================================================
Received Import Request.
  Time since last request: 5.228891 seconds.
  path: Assets/prefabs/Zombie Boss.prefab
  artifactKey: Guid(47804e9d72699b741b25b174670e8622) Importer(815301076,1909f56bfc062723c751e8b465ee728b)
Start importing Assets/prefabs/Zombie Boss.prefab using Guid(47804e9d72699b741b25b174670e8622) Importer(815301076,1909f56bfc062723c751e8b465ee728b)  -> (artifact id: 'bb68a0776b21dfe9a22ddd78f021f601') in 0.023053 seconds 
  Import took 0.028549 seconds .

========================================================================
Received Import Request.
  Time since last request: 3.017384 seconds.
  path: Assets/prefabs/Zombie Boss.prefab
  artifactKey: Guid(47804e9d72699b741b25b174670e8622) Importer(815301076,1909f56bfc062723c751e8b465ee728b)
Start importing Assets/prefabs/Zombie Boss.prefab using Guid(47804e9d72699b741b25b174670e8622) Importer(815301076,1909f56bfc062723c751e8b465ee728b)  -> (artifact id: 'e965930b2fa35d446ce52028c5fa51cc') in 0.021616 seconds 
  Import took 0.027581 seconds .

========================================================================
Received Import Request.
  Time since last request: 18.391845 seconds.
  path: Assets/prefabs/Zombie Boss.prefab
  artifactKey: Guid(47804e9d72699b741b25b174670e8622) Importer(815301076,1909f56bfc062723c751e8b465ee728b)
Start importing Assets/prefabs/Zombie Boss.prefab using Guid(47804e9d72699b741b25b174670e8622) Importer(815301076,1909f56bfc062723c751e8b465ee728b)  -> (artifact id: 'c0598987d66fa212827502b04ce64a0b') in 0.022167 seconds 
  Import took 0.028049 seconds .

========================================================================
Received Import Request.
  Time since last request: 19.177653 seconds.
  path: Assets/prefabs/Zombie Boss.prefab
  artifactKey: Guid(47804e9d72699b741b25b174670e8622) Importer(815301076,1909f56bfc062723c751e8b465ee728b)
Start importing Assets/prefabs/Zombie Boss.prefab using Guid(47804e9d72699b741b25b174670e8622) Importer(815301076,1909f56bfc062723c751e8b465ee728b)  -> (artifact id: '5cf02e5858853edaf93c19ec5a3da141') in 0.022189 seconds 
  Import took 0.028121 seconds .

========================================================================
Received Import Request.
  Time since last request: 1.755148 seconds.
  path: Assets/prefabs/Zombie Boss.prefab
  artifactKey: Guid(47804e9d72699b741b25b174670e8622) Importer(815301076,1909f56bfc062723c751e8b465ee728b)
Start importing Assets/prefabs/Zombie Boss.prefab using Guid(47804e9d72699b741b25b174670e8622) Importer(815301076,1909f56bfc062723c751e8b465ee728b)  -> (artifact id: '18123980ca3b7ae1e5471eb632ea2174') in 0.021629 seconds 
  Import took 0.027235 seconds .

========================================================================
Received Prepare
Registering precompiled user dll's ...
Registered in 0.010660 seconds.
Begin MonoManager ReloadAssembly
Native extension for WindowsStandalone target not found
Native extension for WebGL target not found
Refreshing native plugins compatible for Editor in 0.94 ms, found 2 plugins.
Preloading 0 native plugins for Editor in 0.00 ms.
Mono: successfully reloaded assembly
- Completed reload, in  1.361 seconds
Domain Reload Profiling:
	ReloadAssembly (1361ms)
		BeginReloadAssembly (145ms)
			ExecutionOrderSort (0ms)
			DisableScriptedObjects (10ms)
			BackupInstance (0ms)
			ReleaseScriptingObjects (0ms)
			CreateAndSetChildDomain (44ms)
		EndReloadAssembly (1140ms)
			LoadAssemblies (120ms)
			RebuildTransferFunctionScriptingTraits (0ms)
			SetupTypeCache (324ms)
			ReleaseScriptCaches (1ms)
			RebuildScriptCaches (61ms)
			SetupLoadedEditorAssemblies (451ms)
				LogAssemblyErrors (0ms)
				InitializePlatformSupportModulesInManaged (6ms)
				SetLoadedEditorAssemblies (1ms)
				RefreshPlugins (1ms)
				BeforeProcessingInitializeOnLoad (131ms)
				ProcessInitializeOnLoadAttributes (268ms)
				ProcessInitializeOnLoadMethodAttributes (36ms)
				AfterProcessingInitializeOnLoad (9ms)
				EditorAssembliesLoaded (0ms)
			ExecutionOrderSort2 (0ms)
			AwakeInstancesAfterBackupRestoration (28ms)
Platform modules already initialized, skipping
Shader 'Universal Render Pipeline/Particles/Lit': fallback shader 'Universal Render Pipeline/Particles/SimpleLit' not found
Refreshing native plugins compatible for Editor in 0.97 ms, found 2 plugins.
Preloading 0 native plugins for Editor in 0.00 ms.
Unloading 3191 Unused Serialized files (Serialized files now loaded: 0)
System memory in use before: 282.8 MB.
System memory in use after: 283.0 MB.

Unloading 50 unused Assets to reduce memory usage. Loaded Objects now: 4107.
Total: 6.708800 ms (FindLiveObjects: 0.391500 ms CreateObjectMapping: 0.106200 ms MarkObjects: 6.179200 ms  DeleteObjects: 0.030300 ms)

AssetImportParameters requested are different than current active one (requested -> active):
  custom:framework-win-MediaFoundation: 216162199b28c13a410421893ffa2e32 -> 
  custom:video-decoder-ogg-theora: a1e56fd34408186e4bbccfd4996cb3dc -> 
  custom:container-muxer-webm: aa71ff27fc2769a1b78a27578f13a17b -> 
  custom:container-demuxer-webm: 4f35f7cbe854078d1ac9338744f61a02 -> 
  custom:container-demuxer-ogg: 62fdf1f143b41e24485cea50d1cbac27 -> 
  custom:video-encoder-webm-vp8: eb34c28f22e8b96e1ab97ce403110664 -> 
  custom:video-decoder-webm-vp8: 9c59270c3fd7afecdb556c50c9e8de78 -> 
  custom:audio-decoder-ogg-vorbis: bf7c407c2cedff20999df2af8eb42d56 -> 
  custom:audio-encoder-webm-vorbis: bf7c407c2cedff20999df2af8eb42d56 -> 
========================================================================
Received Import Request.
  Time since last request: 24.896032 seconds.
  path: Assets/prefabs/Zombie Boss.prefab
  artifactKey: Guid(47804e9d72699b741b25b174670e8622) Importer(815301076,1909f56bfc062723c751e8b465ee728b)
Start importing Assets/prefabs/Zombie Boss.prefab using Guid(47804e9d72699b741b25b174670e8622) Importer(815301076,1909f56bfc062723c751e8b465ee728b)  -> (artifact id: '5bc8cbe09f0718fe27b00df539dd5074') in 0.197919 seconds 
  Import took 0.203845 seconds .

========================================================================
Received Import Request.
  Time since last request: 1.777935 seconds.
  path: Assets/prefabs/Zombie Boss.prefab
  artifactKey: Guid(47804e9d72699b741b25b174670e8622) Importer(815301076,1909f56bfc062723c751e8b465ee728b)
Start importing Assets/prefabs/Zombie Boss.prefab using Guid(47804e9d72699b741b25b174670e8622) Importer(815301076,1909f56bfc062723c751e8b465ee728b)  -> (artifact id: 'a03e06cf3512954b8564bf3caa68499c') in 0.020283 seconds 
  Import took 0.025986 seconds .

========================================================================
Received Import Request.
  Time since last request: 8.447682 seconds.
  path: Assets/prefabs/Zombie Boss.prefab
  artifactKey: Guid(47804e9d72699b741b25b174670e8622) Importer(815301076,1909f56bfc062723c751e8b465ee728b)
Start importing Assets/prefabs/Zombie Boss.prefab using Guid(47804e9d72699b741b25b174670e8622) Importer(815301076,1909f56bfc062723c751e8b465ee728b)  -> (artifact id: 'b54e7c61c049df9ff44c016e6050f0c8') in 0.020209 seconds 
  Import took 0.025733 seconds .

========================================================================
Received Import Request.
  Time since last request: 0.360472 seconds.
  path: Assets/prefabs/Zombie Boss.prefab
  artifactKey: Guid(47804e9d72699b741b25b174670e8622) Importer(815301076,1909f56bfc062723c751e8b465ee728b)
Start importing Assets/prefabs/Zombie Boss.prefab using Guid(47804e9d72699b741b25b174670e8622) Importer(815301076,1909f56bfc062723c751e8b465ee728b)  -> (artifact id: 'a421c7ba7aca0208693915b1652b36ef') in 0.033542 seconds 
  Import took 0.040371 seconds .

========================================================================
Received Import Request.
  Time since last request: 1.569506 seconds.
  path: Assets/prefabs/Zombie Boss.prefab
  artifactKey: Guid(47804e9d72699b741b25b174670e8622) Importer(815301076,1909f56bfc062723c751e8b465ee728b)
Start importing Assets/prefabs/Zombie Boss.prefab using Guid(47804e9d72699b741b25b174670e8622) Importer(815301076,1909f56bfc062723c751e8b465ee728b)  -> (artifact id: '46d65d4ebeab3d583d277497d9a81e9f') in 0.020951 seconds 
  Import took 0.026418 seconds .

========================================================================
Received Import Request.
  Time since last request: 0.789139 seconds.
  path: Assets/prefabs/Zombie Boss.prefab
  artifactKey: Guid(47804e9d72699b741b25b174670e8622) Importer(815301076,1909f56bfc062723c751e8b465ee728b)
Start importing Assets/prefabs/Zombie Boss.prefab using Guid(47804e9d72699b741b25b174670e8622) Importer(815301076,1909f56bfc062723c751e8b465ee728b)  -> (artifact id: '5c70bf3d648be2cd47123e2686992cb0') in 0.022780 seconds 
  Import took 0.028266 seconds .

========================================================================
Received Import Request.
  Time since last request: 9.095146 seconds.
  path: Assets/prefabs/Zombie Boss.prefab
  artifactKey: Guid(47804e9d72699b741b25b174670e8622) Importer(815301076,1909f56bfc062723c751e8b465ee728b)
Start importing Assets/prefabs/Zombie Boss.prefab using Guid(47804e9d72699b741b25b174670e8622) Importer(815301076,1909f56bfc062723c751e8b465ee728b)  -> (artifact id: '2eecc8343d295b2ee1732bf25a470b62') in 0.021154 seconds 
  Import took 0.026984 seconds .

========================================================================
Received Import Request.
  Time since last request: 8.633234 seconds.
  path: Assets/prefabs/Zombie Boss.prefab
  artifactKey: Guid(47804e9d72699b741b25b174670e8622) Importer(815301076,1909f56bfc062723c751e8b465ee728b)
Start importing Assets/prefabs/Zombie Boss.prefab using Guid(47804e9d72699b741b25b174670e8622) Importer(815301076,1909f56bfc062723c751e8b465ee728b)  -> (artifact id: '076d4526ac726944f4c8ed86fa824b94') in 0.027172 seconds 
  Import took 0.032733 seconds .

========================================================================
Received Prepare
Registering precompiled user dll's ...
Registered in 0.008256 seconds.
Begin MonoManager ReloadAssembly
Native extension for WindowsStandalone target not found
Native extension for WebGL target not found
Refreshing native plugins compatible for Editor in 0.96 ms, found 2 plugins.
Preloading 0 native plugins for Editor in 0.00 ms.
Mono: successfully reloaded assembly
- Completed reload, in  1.368 seconds
Domain Reload Profiling:
	ReloadAssembly (1369ms)
		BeginReloadAssembly (147ms)
			ExecutionOrderSort (0ms)
			DisableScriptedObjects (10ms)
			BackupInstance (0ms)
			ReleaseScriptingObjects (0ms)
			CreateAndSetChildDomain (39ms)
		EndReloadAssembly (1144ms)
			LoadAssemblies (116ms)
			RebuildTransferFunctionScriptingTraits (0ms)
			SetupTypeCache (336ms)
			ReleaseScriptCaches (1ms)
			RebuildScriptCaches (62ms)
			SetupLoadedEditorAssemblies (449ms)
				LogAssemblyErrors (0ms)
				InitializePlatformSupportModulesInManaged (6ms)
				SetLoadedEditorAssemblies (0ms)
				RefreshPlugins (1ms)
				BeforeProcessingInitializeOnLoad (132ms)
				ProcessInitializeOnLoadAttributes (264ms)
				ProcessInitializeOnLoadMethodAttributes (36ms)
				AfterProcessingInitializeOnLoad (9ms)
				EditorAssembliesLoaded (0ms)
			ExecutionOrderSort2 (0ms)
			AwakeInstancesAfterBackupRestoration (28ms)
Platform modules already initialized, skipping
Shader 'Universal Render Pipeline/Particles/Lit': fallback shader 'Universal Render Pipeline/Particles/SimpleLit' not found
Refreshing native plugins compatible for Editor in 0.97 ms, found 2 plugins.
Preloading 0 native plugins for Editor in 0.00 ms.
Unloading 3191 Unused Serialized files (Serialized files now loaded: 0)
System memory in use before: 282.9 MB.
System memory in use after: 283.1 MB.

Unloading 50 unused Assets to reduce memory usage. Loaded Objects now: 4146.
Total: 6.788900 ms (FindLiveObjects: 0.357500 ms CreateObjectMapping: 0.085200 ms MarkObjects: 6.306200 ms  DeleteObjects: 0.038300 ms)

AssetImportParameters requested are different than current active one (requested -> active):
  custom:framework-win-MediaFoundation: 216162199b28c13a410421893ffa2e32 -> 
  custom:video-decoder-ogg-theora: a1e56fd34408186e4bbccfd4996cb3dc -> 
  custom:container-muxer-webm: aa71ff27fc2769a1b78a27578f13a17b -> 
  custom:container-demuxer-webm: 4f35f7cbe854078d1ac9338744f61a02 -> 
  custom:container-demuxer-ogg: 62fdf1f143b41e24485cea50d1cbac27 -> 
  custom:video-encoder-webm-vp8: eb34c28f22e8b96e1ab97ce403110664 -> 
  custom:video-decoder-webm-vp8: 9c59270c3fd7afecdb556c50c9e8de78 -> 
  custom:audio-decoder-ogg-vorbis: bf7c407c2cedff20999df2af8eb42d56 -> 
  custom:audio-encoder-webm-vorbis: bf7c407c2cedff20999df2af8eb42d56 -> 
========================================================================
Received Prepare
Registering precompiled user dll's ...
Registered in 0.007468 seconds.
Begin MonoManager ReloadAssembly
Native extension for WindowsStandalone target not found
Native extension for WebGL target not found
Refreshing native plugins compatible for Editor in 0.96 ms, found 2 plugins.
Preloading 0 native plugins for Editor in 0.00 ms.
Mono: successfully reloaded assembly
- Completed reload, in  1.371 seconds
Domain Reload Profiling:
	ReloadAssembly (1371ms)
		BeginReloadAssembly (155ms)
			ExecutionOrderSort (0ms)
			DisableScriptedObjects (8ms)
			BackupInstance (0ms)
			ReleaseScriptingObjects (0ms)
			CreateAndSetChildDomain (42ms)
		EndReloadAssembly (1136ms)
			LoadAssemblies (122ms)
			RebuildTransferFunctionScriptingTraits (0ms)
			SetupTypeCache (328ms)
			ReleaseScriptCaches (1ms)
			RebuildScriptCaches (62ms)
			SetupLoadedEditorAssemblies (450ms)
				LogAssemblyErrors (0ms)
				InitializePlatformSupportModulesInManaged (6ms)
				SetLoadedEditorAssemblies (0ms)
				RefreshPlugins (1ms)
				BeforeProcessingInitializeOnLoad (130ms)
				ProcessInitializeOnLoadAttributes (267ms)
				ProcessInitializeOnLoadMethodAttributes (37ms)
				AfterProcessingInitializeOnLoad (8ms)
				EditorAssembliesLoaded (0ms)
			ExecutionOrderSort2 (0ms)
			AwakeInstancesAfterBackupRestoration (28ms)
Platform modules already initialized, skipping
Shader 'Universal Render Pipeline/Particles/Lit': fallback shader 'Universal Render Pipeline/Particles/SimpleLit' not found
Refreshing native plugins compatible for Editor in 1.19 ms, found 2 plugins.
Preloading 0 native plugins for Editor in 0.00 ms.
Unloading 3191 Unused Serialized files (Serialized files now loaded: 0)
System memory in use before: 282.9 MB.
System memory in use after: 283.1 MB.

Unloading 50 unused Assets to reduce memory usage. Loaded Objects now: 4149.
Total: 6.392400 ms (FindLiveObjects: 0.346000 ms CreateObjectMapping: 0.088800 ms MarkObjects: 5.924000 ms  DeleteObjects: 0.032300 ms)

AssetImportParameters requested are different than current active one (requested -> active):
  custom:framework-win-MediaFoundation: 216162199b28c13a410421893ffa2e32 -> 
  custom:video-decoder-ogg-theora: a1e56fd34408186e4bbccfd4996cb3dc -> 
  custom:container-muxer-webm: aa71ff27fc2769a1b78a27578f13a17b -> 
  custom:container-demuxer-webm: 4f35f7cbe854078d1ac9338744f61a02 -> 
  custom:container-demuxer-ogg: 62fdf1f143b41e24485cea50d1cbac27 -> 
  custom:video-encoder-webm-vp8: eb34c28f22e8b96e1ab97ce403110664 -> 
  custom:video-decoder-webm-vp8: 9c59270c3fd7afecdb556c50c9e8de78 -> 
  custom:audio-decoder-ogg-vorbis: bf7c407c2cedff20999df2af8eb42d56 -> 
  custom:audio-encoder-webm-vorbis: bf7c407c2cedff20999df2af8eb42d56 -> 
========================================================================
Received Prepare
Registering precompiled user dll's ...
Registered in 0.007927 seconds.
Begin MonoManager ReloadAssembly
Native extension for WindowsStandalone target not found
Native extension for WebGL target not found
Refreshing native plugins compatible for Editor in 0.96 ms, found 2 plugins.
Preloading 0 native plugins for Editor in 0.00 ms.
Mono: successfully reloaded assembly
- Completed reload, in  1.386 seconds
Domain Reload Profiling:
	ReloadAssembly (1387ms)
		BeginReloadAssembly (123ms)
			ExecutionOrderSort (0ms)
			DisableScriptedObjects (8ms)
			BackupInstance (0ms)
			ReleaseScriptingObjects (0ms)
			CreateAndSetChildDomain (36ms)
		EndReloadAssembly (1176ms)
			LoadAssemblies (115ms)
			RebuildTransferFunctionScriptingTraits (0ms)
			SetupTypeCache (325ms)
			ReleaseScriptCaches (1ms)
			RebuildScriptCaches (59ms)
			SetupLoadedEditorAssemblies (494ms)
				LogAssemblyErrors (0ms)
				InitializePlatformSupportModulesInManaged (6ms)
				SetLoadedEditorAssemblies (0ms)
				RefreshPlugins (1ms)
				BeforeProcessingInitializeOnLoad (130ms)
				ProcessInitializeOnLoadAttributes (310ms)
				ProcessInitializeOnLoadMethodAttributes (37ms)
				AfterProcessingInitializeOnLoad (8ms)
				EditorAssembliesLoaded (0ms)
			ExecutionOrderSort2 (0ms)
			AwakeInstancesAfterBackupRestoration (29ms)
Platform modules already initialized, skipping
Shader 'Universal Render Pipeline/Particles/Lit': fallback shader 'Universal Render Pipeline/Particles/SimpleLit' not found
Refreshing native plugins compatible for Editor in 0.96 ms, found 2 plugins.
Preloading 0 native plugins for Editor in 0.00 ms.
Unloading 3191 Unused Serialized files (Serialized files now loaded: 0)
System memory in use before: 282.9 MB.
System memory in use after: 283.1 MB.

Unloading 50 unused Assets to reduce memory usage. Loaded Objects now: 4152.
Total: 6.305900 ms (FindLiveObjects: 0.352600 ms CreateObjectMapping: 0.082100 ms MarkObjects: 5.837200 ms  DeleteObjects: 0.032500 ms)

AssetImportParameters requested are different than current active one (requested -> active):
  custom:framework-win-MediaFoundation: 216162199b28c13a410421893ffa2e32 -> 
  custom:video-decoder-ogg-theora: a1e56fd34408186e4bbccfd4996cb3dc -> 
  custom:container-muxer-webm: aa71ff27fc2769a1b78a27578f13a17b -> 
  custom:container-demuxer-webm: 4f35f7cbe854078d1ac9338744f61a02 -> 
  custom:container-demuxer-ogg: 62fdf1f143b41e24485cea50d1cbac27 -> 
  custom:video-encoder-webm-vp8: eb34c28f22e8b96e1ab97ce403110664 -> 
  custom:video-decoder-webm-vp8: 9c59270c3fd7afecdb556c50c9e8de78 -> 
  custom:audio-decoder-ogg-vorbis: bf7c407c2cedff20999df2af8eb42d56 -> 
  custom:audio-encoder-webm-vorbis: bf7c407c2cedff20999df2af8eb42d56 -> 
